Linked: (/home/cras/python/aro/hw3/devel/.private/dummy_grid/share/dummy_grid/cmake/dummy_gridConfig-version.cmake, /home/cras/python/aro/hw3/devel/share/dummy_grid/cmake/dummy_gridConfig-version.cmake)
Linked: (/home/cras/python/aro/hw3/devel/.private/dummy_grid/share/dummy_grid/cmake/dummy_grid-msg-extras.cmake, /home/cras/python/aro/hw3/devel/share/dummy_grid/cmake/dummy_grid-msg-extras.cmake)
Linked: (/home/cras/python/aro/hw3/devel/.private/dummy_grid/share/dummy_grid/cmake/dummy_gridConfig.cmake, /home/cras/python/aro/hw3/devel/share/dummy_grid/cmake/dummy_gridConfig.cmake)
Linked: (/home/cras/python/aro/hw3/devel/.private/dummy_grid/share/dummy_grid/cmake/dummy_grid-msg-paths.cmake, /home/cras/python/aro/hw3/devel/share/dummy_grid/cmake/dummy_grid-msg-paths.cmake)
Linked: (/home/cras/python/aro/hw3/devel/.private/dummy_grid/share/common-lisp/ros/dummy_grid/msg/dummy_grid-msg.asd, /home/cras/python/aro/hw3/devel/share/common-lisp/ros/dummy_grid/msg/dummy_grid-msg.asd)
Linked: (/home/cras/python/aro/hw3/devel/.private/dummy_grid/share/common-lisp/ros/dummy_grid/msg/_package_ValuePoint.lisp, /home/cras/python/aro/hw3/devel/share/common-lisp/ros/dummy_grid/msg/_package_ValuePoint.lisp)
Linked: (/home/cras/python/aro/hw3/devel/.private/dummy_grid/share/common-lisp/ros/dummy_grid/msg/_package.lisp, /home/cras/python/aro/hw3/devel/share/common-lisp/ros/dummy_grid/msg/_package.lisp)
Linked: (/home/cras/python/aro/hw3/devel/.private/dummy_grid/share/common-lisp/ros/dummy_grid/msg/ValuePoint.lisp, /home/cras/python/aro/hw3/devel/share/common-lisp/ros/dummy_grid/msg/ValuePoint.lisp)
Linked: (/home/cras/python/aro/hw3/devel/.private/dummy_grid/share/common-lisp/ros/dummy_grid/srv/dummy_grid-srv.asd, /home/cras/python/aro/hw3/devel/share/common-lisp/ros/dummy_grid/srv/dummy_grid-srv.asd)
Linked: (/home/cras/python/aro/hw3/devel/.private/dummy_grid/share/common-lisp/ros/dummy_grid/srv/_package.lisp, /home/cras/python/aro/hw3/devel/share/common-lisp/ros/dummy_grid/srv/_package.lisp)
Linked: (/home/cras/python/aro/hw3/devel/.private/dummy_grid/share/common-lisp/ros/dummy_grid/srv/_package_DrawGrid.lisp, /home/cras/python/aro/hw3/devel/share/common-lisp/ros/dummy_grid/srv/_package_DrawGrid.lisp)
Linked: (/home/cras/python/aro/hw3/devel/.private/dummy_grid/share/common-lisp/ros/dummy_grid/srv/DrawGrid.lisp, /home/cras/python/aro/hw3/devel/share/common-lisp/ros/dummy_grid/srv/DrawGrid.lisp)
Linked: (/home/cras/python/aro/hw3/devel/.private/dummy_grid/share/gennodejs/ros/dummy_grid/_index.js, /home/cras/python/aro/hw3/devel/share/gennodejs/ros/dummy_grid/_index.js)
Linked: (/home/cras/python/aro/hw3/devel/.private/dummy_grid/share/gennodejs/ros/dummy_grid/msg/_index.js, /home/cras/python/aro/hw3/devel/share/gennodejs/ros/dummy_grid/msg/_index.js)
Linked: (/home/cras/python/aro/hw3/devel/.private/dummy_grid/share/gennodejs/ros/dummy_grid/msg/ValuePoint.js, /home/cras/python/aro/hw3/devel/share/gennodejs/ros/dummy_grid/msg/ValuePoint.js)
Linked: (/home/cras/python/aro/hw3/devel/.private/dummy_grid/share/gennodejs/ros/dummy_grid/srv/_index.js, /home/cras/python/aro/hw3/devel/share/gennodejs/ros/dummy_grid/srv/_index.js)
Linked: (/home/cras/python/aro/hw3/devel/.private/dummy_grid/share/gennodejs/ros/dummy_grid/srv/DrawGrid.js, /home/cras/python/aro/hw3/devel/share/gennodejs/ros/dummy_grid/srv/DrawGrid.js)
Linked: (/home/cras/python/aro/hw3/devel/.private/dummy_grid/share/roseus/ros/dummy_grid/manifest.l, /home/cras/python/aro/hw3/devel/share/roseus/ros/dummy_grid/manifest.l)
Linked: (/home/cras/python/aro/hw3/devel/.private/dummy_grid/share/roseus/ros/dummy_grid/msg/ValuePoint.l, /home/cras/python/aro/hw3/devel/share/roseus/ros/dummy_grid/msg/ValuePoint.l)
Linked: (/home/cras/python/aro/hw3/devel/.private/dummy_grid/share/roseus/ros/dummy_grid/srv/DrawGrid.l, /home/cras/python/aro/hw3/devel/share/roseus/ros/dummy_grid/srv/DrawGrid.l)
Linked: (/home/cras/python/aro/hw3/devel/.private/dummy_grid/lib/pkgconfig/dummy_grid.pc, /home/cras/python/aro/hw3/devel/lib/pkgconfig/dummy_grid.pc)
Linked: (/home/cras/python/aro/hw3/devel/.private/dummy_grid/lib/python2.7/dist-packages/dummy_grid/__init__.py, /home/cras/python/aro/hw3/devel/lib/python2.7/dist-packages/dummy_grid/__init__.py)
Linked: (/home/cras/python/aro/hw3/devel/.private/dummy_grid/lib/python2.7/dist-packages/dummy_grid/msg/__init__.py, /home/cras/python/aro/hw3/devel/lib/python2.7/dist-packages/dummy_grid/msg/__init__.py)
Linked: (/home/cras/python/aro/hw3/devel/.private/dummy_grid/lib/python2.7/dist-packages/dummy_grid/msg/_ValuePoint.py, /home/cras/python/aro/hw3/devel/lib/python2.7/dist-packages/dummy_grid/msg/_ValuePoint.py)
Linked: (/home/cras/python/aro/hw3/devel/.private/dummy_grid/lib/python2.7/dist-packages/dummy_grid/srv/__init__.py, /home/cras/python/aro/hw3/devel/lib/python2.7/dist-packages/dummy_grid/srv/__init__.py)
Linked: (/home/cras/python/aro/hw3/devel/.private/dummy_grid/lib/python2.7/dist-packages/dummy_grid/srv/_DrawGrid.py, /home/cras/python/aro/hw3/devel/lib/python2.7/dist-packages/dummy_grid/srv/_DrawGrid.py)
Linked: (/home/cras/python/aro/hw3/devel/.private/dummy_grid/include/dummy_grid/DrawGrid.h, /home/cras/python/aro/hw3/devel/include/dummy_grid/DrawGrid.h)
Linked: (/home/cras/python/aro/hw3/devel/.private/dummy_grid/include/dummy_grid/DrawGridResponse.h, /home/cras/python/aro/hw3/devel/include/dummy_grid/DrawGridResponse.h)
Linked: (/home/cras/python/aro/hw3/devel/.private/dummy_grid/include/dummy_grid/DrawGridRequest.h, /home/cras/python/aro/hw3/devel/include/dummy_grid/DrawGridRequest.h)
Linked: (/home/cras/python/aro/hw3/devel/.private/dummy_grid/include/dummy_grid/ValuePoint.h, /home/cras/python/aro/hw3/devel/include/dummy_grid/ValuePoint.h)
