Linked: (/home/cras/python/aro/hw3/devel/.private/exploration/share/exploration/cmake/explorationConfig.cmake, /home/cras/python/aro/hw3/devel/share/exploration/cmake/explorationConfig.cmake)
Linked: (/home/cras/python/aro/hw3/devel/.private/exploration/share/exploration/cmake/exploration-msg-extras.cmake, /home/cras/python/aro/hw3/devel/share/exploration/cmake/exploration-msg-extras.cmake)
Linked: (/home/cras/python/aro/hw3/devel/.private/exploration/share/exploration/cmake/exploration-msg-paths.cmake, /home/cras/python/aro/hw3/devel/share/exploration/cmake/exploration-msg-paths.cmake)
Linked: (/home/cras/python/aro/hw3/devel/.private/exploration/share/exploration/cmake/explorationConfig-version.cmake, /home/cras/python/aro/hw3/devel/share/exploration/cmake/explorationConfig-version.cmake)
Linked: (/home/cras/python/aro/hw3/devel/.private/exploration/share/common-lisp/ros/exploration/srv/_package_PlanPath.lisp, /home/cras/python/aro/hw3/devel/share/common-lisp/ros/exploration/srv/_package_PlanPath.lisp)
Linked: (/home/cras/python/aro/hw3/devel/.private/exploration/share/common-lisp/ros/exploration/srv/AnyFrontiersLeft.lisp, /home/cras/python/aro/hw3/devel/share/common-lisp/ros/exploration/srv/AnyFrontiersLeft.lisp)
Linked: (/home/cras/python/aro/hw3/devel/.private/exploration/share/common-lisp/ros/exploration/srv/_package_AnyFrontiersLeft.lisp, /home/cras/python/aro/hw3/devel/share/common-lisp/ros/exploration/srv/_package_AnyFrontiersLeft.lisp)
Linked: (/home/cras/python/aro/hw3/devel/.private/exploration/share/common-lisp/ros/exploration/srv/_package_GenerateFrontier.lisp, /home/cras/python/aro/hw3/devel/share/common-lisp/ros/exploration/srv/_package_GenerateFrontier.lisp)
Linked: (/home/cras/python/aro/hw3/devel/.private/exploration/share/common-lisp/ros/exploration/srv/_package.lisp, /home/cras/python/aro/hw3/devel/share/common-lisp/ros/exploration/srv/_package.lisp)
Linked: (/home/cras/python/aro/hw3/devel/.private/exploration/share/common-lisp/ros/exploration/srv/exploration-srv.asd, /home/cras/python/aro/hw3/devel/share/common-lisp/ros/exploration/srv/exploration-srv.asd)
Linked: (/home/cras/python/aro/hw3/devel/.private/exploration/share/common-lisp/ros/exploration/srv/PlanPath.lisp, /home/cras/python/aro/hw3/devel/share/common-lisp/ros/exploration/srv/PlanPath.lisp)
Linked: (/home/cras/python/aro/hw3/devel/.private/exploration/share/common-lisp/ros/exploration/srv/GenerateFrontier.lisp, /home/cras/python/aro/hw3/devel/share/common-lisp/ros/exploration/srv/GenerateFrontier.lisp)
Linked: (/home/cras/python/aro/hw3/devel/.private/exploration/share/gennodejs/ros/exploration/_index.js, /home/cras/python/aro/hw3/devel/share/gennodejs/ros/exploration/_index.js)
Linked: (/home/cras/python/aro/hw3/devel/.private/exploration/share/gennodejs/ros/exploration/srv/PlanPath.js, /home/cras/python/aro/hw3/devel/share/gennodejs/ros/exploration/srv/PlanPath.js)
Linked: (/home/cras/python/aro/hw3/devel/.private/exploration/share/gennodejs/ros/exploration/srv/_index.js, /home/cras/python/aro/hw3/devel/share/gennodejs/ros/exploration/srv/_index.js)
Linked: (/home/cras/python/aro/hw3/devel/.private/exploration/share/gennodejs/ros/exploration/srv/GenerateFrontier.js, /home/cras/python/aro/hw3/devel/share/gennodejs/ros/exploration/srv/GenerateFrontier.js)
Linked: (/home/cras/python/aro/hw3/devel/.private/exploration/share/gennodejs/ros/exploration/srv/AnyFrontiersLeft.js, /home/cras/python/aro/hw3/devel/share/gennodejs/ros/exploration/srv/AnyFrontiersLeft.js)
Linked: (/home/cras/python/aro/hw3/devel/.private/exploration/share/roseus/ros/exploration/manifest.l, /home/cras/python/aro/hw3/devel/share/roseus/ros/exploration/manifest.l)
Linked: (/home/cras/python/aro/hw3/devel/.private/exploration/share/roseus/ros/exploration/srv/GenerateFrontier.l, /home/cras/python/aro/hw3/devel/share/roseus/ros/exploration/srv/GenerateFrontier.l)
Linked: (/home/cras/python/aro/hw3/devel/.private/exploration/share/roseus/ros/exploration/srv/AnyFrontiersLeft.l, /home/cras/python/aro/hw3/devel/share/roseus/ros/exploration/srv/AnyFrontiersLeft.l)
Linked: (/home/cras/python/aro/hw3/devel/.private/exploration/share/roseus/ros/exploration/srv/PlanPath.l, /home/cras/python/aro/hw3/devel/share/roseus/ros/exploration/srv/PlanPath.l)
Linked: (/home/cras/python/aro/hw3/devel/.private/exploration/lib/pkgconfig/exploration.pc, /home/cras/python/aro/hw3/devel/lib/pkgconfig/exploration.pc)
Linked: (/home/cras/python/aro/hw3/devel/.private/exploration/lib/python2.7/dist-packages/exploration/__init__.py, /home/cras/python/aro/hw3/devel/lib/python2.7/dist-packages/exploration/__init__.py)
Linked: (/home/cras/python/aro/hw3/devel/.private/exploration/lib/python2.7/dist-packages/exploration/srv/__init__.py, /home/cras/python/aro/hw3/devel/lib/python2.7/dist-packages/exploration/srv/__init__.py)
Linked: (/home/cras/python/aro/hw3/devel/.private/exploration/lib/python2.7/dist-packages/exploration/srv/_PlanPath.py, /home/cras/python/aro/hw3/devel/lib/python2.7/dist-packages/exploration/srv/_PlanPath.py)
Linked: (/home/cras/python/aro/hw3/devel/.private/exploration/lib/python2.7/dist-packages/exploration/srv/_AnyFrontiersLeft.py, /home/cras/python/aro/hw3/devel/lib/python2.7/dist-packages/exploration/srv/_AnyFrontiersLeft.py)
Linked: (/home/cras/python/aro/hw3/devel/.private/exploration/lib/python2.7/dist-packages/exploration/srv/_GenerateFrontier.py, /home/cras/python/aro/hw3/devel/lib/python2.7/dist-packages/exploration/srv/_GenerateFrontier.py)
Linked: (/home/cras/python/aro/hw3/devel/.private/exploration/include/exploration/AnyFrontiersLeftRequest.h, /home/cras/python/aro/hw3/devel/include/exploration/AnyFrontiersLeftRequest.h)
Linked: (/home/cras/python/aro/hw3/devel/.private/exploration/include/exploration/PlanPathResponse.h, /home/cras/python/aro/hw3/devel/include/exploration/PlanPathResponse.h)
Linked: (/home/cras/python/aro/hw3/devel/.private/exploration/include/exploration/GenerateFrontierRequest.h, /home/cras/python/aro/hw3/devel/include/exploration/GenerateFrontierRequest.h)
Linked: (/home/cras/python/aro/hw3/devel/.private/exploration/include/exploration/GenerateFrontier.h, /home/cras/python/aro/hw3/devel/include/exploration/GenerateFrontier.h)
Linked: (/home/cras/python/aro/hw3/devel/.private/exploration/include/exploration/AnyFrontiersLeftResponse.h, /home/cras/python/aro/hw3/devel/include/exploration/AnyFrontiersLeftResponse.h)
Linked: (/home/cras/python/aro/hw3/devel/.private/exploration/include/exploration/AnyFrontiersLeft.h, /home/cras/python/aro/hw3/devel/include/exploration/AnyFrontiersLeft.h)
Linked: (/home/cras/python/aro/hw3/devel/.private/exploration/include/exploration/PlanPathRequest.h, /home/cras/python/aro/hw3/devel/include/exploration/PlanPathRequest.h)
Linked: (/home/cras/python/aro/hw3/devel/.private/exploration/include/exploration/PlanPath.h, /home/cras/python/aro/hw3/devel/include/exploration/PlanPath.h)
Linked: (/home/cras/python/aro/hw3/devel/.private/exploration/include/exploration/GenerateFrontierResponse.h, /home/cras/python/aro/hw3/devel/include/exploration/GenerateFrontierResponse.h)
